{"/home/caiobrian/Documentos/caio-gomes/Planner/planner-boilerplate/src/components/InputPlanner/InputPlanner.js": {"path":"/home/caiobrian/Documentos/caio-gomes/Planner/planner-boilerplate/src/components/InputPlanner/InputPlanner.js","statementMap":{"0":{"start":{"line":8,"column":2},"end":{"line":8,"column":15}},"1":{"start":{"line":9,"column":2},"end":{"line":12,"column":3}},"2":{"start":{"line":15,"column":21},"end":{"line":17,"column":2}},"3":{"start":{"line":16,"column":2},"end":{"line":16,"column":60}},"4":{"start":{"line":19,"column":16},"end":{"line":24,"column":2}},"5":{"start":{"line":20,"column":2},"end":{"line":20,"column":25}},"6":{"start":{"line":21,"column":24},"end":{"line":21,"column":34}},"7":{"start":{"line":22,"column":2},"end":{"line":22,"column":32}},"8":{"start":{"line":23,"column":2},"end":{"line":23,"column":36}},"9":{"start":{"line":27,"column":2},"end":{"line":57,"column":3}},"10":{"start":{"line":61,"column":27},"end":{"line":63,"column":2}},"11":{"start":{"line":61,"column":40},"end":{"line":63,"column":1}},"12":{"start":{"line":62,"column":25},"end":{"line":62,"column":56}}},"fnMap":{"0":{"name":"(anonymous_0)","decl":{"start":{"line":7,"column":1},"end":{"line":7,"column":2}},"loc":{"start":{"line":7,"column":20},"end":{"line":13,"column":2}},"line":7},"1":{"name":"(anonymous_1)","decl":{"start":{"line":15,"column":21},"end":{"line":15,"column":22}},"loc":{"start":{"line":15,"column":30},"end":{"line":17,"column":2}},"line":15},"2":{"name":"(anonymous_2)","decl":{"start":{"line":19,"column":16},"end":{"line":19,"column":17}},"loc":{"start":{"line":19,"column":25},"end":{"line":24,"column":2}},"line":19},"3":{"name":"(anonymous_3)","decl":{"start":{"line":26,"column":1},"end":{"line":26,"column":2}},"loc":{"start":{"line":26,"column":10},"end":{"line":58,"column":2}},"line":26},"4":{"name":"(anonymous_4)","decl":{"start":{"line":61,"column":27},"end":{"line":61,"column":28}},"loc":{"start":{"line":61,"column":40},"end":{"line":63,"column":1}},"line":61},"5":{"name":"(anonymous_5)","decl":{"start":{"line":62,"column":10},"end":{"line":62,"column":11}},"loc":{"start":{"line":62,"column":25},"end":{"line":62,"column":56}},"line":62}},"branchMap":{},"s":{"0":0,"1":0,"2":0,"3":0,"4":0,"5":0,"6":0,"7":0,"8":0,"9":0,"10":0,"11":0,"12":0},"f":{"0":0,"1":0,"2":0,"3":0,"4":0,"5":0},"b":{},"hash":"b789c1070d333884ff5100bb1c5323c2dc464f2b"}
}
